<?xml version="1.0" encoding="UTF-8"?>
<!-- Generated by org.testng.reporters.JUnitReportReporter -->
<testsuite skipped="0" hostname="GauthamPC" name="com.testng.TestNGProject.AppTest" tests="1" failures="0" timestamp="25 Jun 2019 07:16:38 GMT" time="0.060" errors="0">
  <testcase name="sample4" time="0.060" classname="com.testng.TestNGProject.AppTest"/>
</testsuite> <!-- com.testng.TestNGProject.AppTest -->
