<?xml version="1.0" encoding="UTF-8"?>
<!-- Generated by org.testng.reporters.JUnitReportReporter -->
<testsuite skipped="0" hostname="GauthamPC" name="com.testng.TestNGProject.ParallelExecution" tests="4" failures="0" timestamp="25 Jun 2019 07:27:47 GMT" time="0.114" errors="0">
  <testcase name="test2" time="0.011" classname="com.testng.TestNGProject.ParallelExecution"/>
  <testcase name="test1" time="0.089" classname="com.testng.TestNGProject.ParallelExecution"/>
  <testcase name="test3" time="0.008" classname="com.testng.TestNGProject.ParallelExecution"/>
  <testcase name="test4" time="0.006" classname="com.testng.TestNGProject.ParallelExecution"/>
</testsuite> <!-- com.testng.TestNGProject.ParallelExecution -->
