<?xml version="1.0" encoding="UTF-8"?>
<!-- Generated by org.testng.reporters.JUnitReportReporter -->
<testsuite skipped="0" hostname="GauthamPC" name="com.testng.TestNGProject.Parameter" tests="3" failures="0" timestamp="25 Jun 2019 07:11:59 GMT" time="0.163" errors="0">
  <testcase name="sample7" time="0.085" classname="com.testng.TestNGProject.Parameter"/>
  <testcase name="sample1" time="0.063" classname="com.testng.TestNGProject.Parameter"/>
  <testcase name="sample8" time="0.015" classname="com.testng.TestNGProject.Parameter"/>
</testsuite> <!-- com.testng.TestNGProject.Parameter -->
