<?xml version="1.0" encoding="UTF-8"?>
<!-- Generated by org.testng.reporters.JUnitReportReporter -->
<testsuite skipped="0" hostname="GauthamPC" name="com.testng.TestNGProject.Priority" tests="14" failures="0" timestamp="25 Jun 2019 07:02:15 GMT" time="0.160" errors="0">
  <testcase name="sample" time="0.042" classname="com.testng.TestNGProject.Priority"/>
  <testcase name="sample5" time="0.019" classname="com.testng.TestNGProject.Priority"/>
  <testcase name="sample9" time="0.006" classname="com.testng.TestNGProject.Priority"/>
  <testcase name="sample7" time="0.007" classname="com.testng.TestNGProject.Priority"/>
  <testcase name="sample6" time="0.005" classname="com.testng.TestNGProject.Priority"/>
  <testcase name="sample8" time="0.005" classname="com.testng.TestNGProject.Priority"/>
  <testcase name="sample8" time="0.007" classname="com.testng.TestNGProject.Priority"/>
  <testcase name="sample8" time="0.006" classname="com.testng.TestNGProject.Priority"/>
  <testcase name="sample8" time="0.009" classname="com.testng.TestNGProject.Priority"/>
  <testcase name="sample8" time="0.005" classname="com.testng.TestNGProject.Priority"/>
  <testcase name="sample1" time="0.026" classname="com.testng.TestNGProject.Priority"/>
  <testcase name="sample2" time="0.005" classname="com.testng.TestNGProject.Priority"/>
  <testcase name="sample3" time="0.009" classname="com.testng.TestNGProject.Priority"/>
  <testcase name="sample4" time="0.009" classname="com.testng.TestNGProject.Priority"/>
</testsuite> <!-- com.testng.TestNGProject.Priority -->
